{"name": "test_OrangeHRM_Login_DDT_003", "status": "broken", "statusDetails": {"message": "selenium.common.exceptions.TimeoutException: Message: \nStacktrace:\nSymbols not available. Dumping unresolved backtrace:\n\t0x7ff6985df3d5\n\t0x7ff6985df430\n\t0x7ff6983810bd\n\t0x7ff6983dc2fe\n\t0x7ff6983dc60c\n\t0x7ff69842d187\n\t0x7ff698429d08\n\t0x7ff6983ccb0c\n\t0x7ff6983cda53\n\t0x7ff6988bb470\n\t0x7ff6988b586d\n\t0x7ff6988d621a\n\t0x7ff6985fb235\n\t0x7ff698603a5c\n\t0x7ff6985e8844\n\t0x7ff6985e89f6\n\t0x7ff6985ceb87\n\t0x7ffad5ace8d7\n\t0x7ffad5e8c53c", "trace": "self = <testCases.test_OrangeHRM_Login_DDT_002.Test_OrangeHRM_Login_DDT_002 object at 0x000001891C4E9590>\n\n    def test_OrangeHRM_Login_DDT_003(self):\n        self.log.info(\"Starting Test: Verify OrangeHRM Login Functionality\")\n        row_count = XLUtils_class.get_row_count(self.excel_file, self.sheet)\n        self.log.info(f\"Total Rows in Excel: {row_count}\")\n        result = []\n        for i in range(2, row_count + 1):\n            time.sleep(5)\n            username = XLUtils_class.read_data(self.excel_file, self.sheet, i, 2)\n            password = XLUtils_class.read_data(self.excel_file, self.sheet, i, 3)\n            expected_result = XLUtils_class.read_data(self.excel_file, self.sheet, i, 4)\n            self.log.info(f\"Test Data: Username={username}, Password={password}, Expected Result={expected_result}\")\n            self.log.info(\"Navigating to OrangeHRM Login Page\")\n            self.driver.get(self.login_url)\n            self.log.info(\"OrangeHRM Login Page Loaded\")\n            lp = Login_Page_Class(self.driver)\n>           lp.Enter_Username(username)\n\ntestCases\\test_OrangeHRM_Login_DDT_002.py:32: \n_ _ _ _ _ _ _ _ _ _ _ _ _ _ _ _ _ _ _ _ _ _ _ _ _ _ _ _ _ _ _ _ _ _ _ _ _ _ _ _\npageObjects\\Login_Page.py:21: in Enter_Username\n    self.wait.until(expected_conditions.visibility_of_element_located((By.XPATH, self.text_username_xpath)))\n_ _ _ _ _ _ _ _ _ _ _ _ _ _ _ _ _ _ _ _ _ _ _ _ _ _ _ _ _ _ _ _ _ _ _ _ _ _ _ _\n\nself = <selenium.webdriver.support.wait.WebDriverWait (session=\"1ebe7012195240ab98db035c7622ac87\")>\nmethod = <function visibility_of_element_located.<locals>._predicate at 0x000001891DA10670>\nmessage = ''\n\n    def until(self, method: Callable[[D], Literal[False] | T], message: str = \"\") -> T:\n        \"\"\"Wait until the method returns a value that is not False.\n    \n        Calls the method provided with the driver as an argument until the\n        return value does not evaluate to ``False``.\n    \n        Args:\n            method: A callable object that takes a WebDriver instance as an\n                argument.\n            message: Optional message for TimeoutException.\n    \n        Returns:\n            The result of the last call to `method`.\n    \n        Raises:\n            TimeoutException: If 'method' does not return a truthy value within\n                the WebDriverWait object's timeout.\n    \n        Example:\n            >>> from selenium.webdriver.common.by import By\n            >>> from selenium.webdriver.support.ui import WebDriverWait\n            >>> from selenium.webdriver.support import expected_conditions as EC\n            >>>\n            >>> # Wait until an element is visible on the page\n            >>> wait = WebDriverWait(driver, 10)\n            >>> element = wait.until(EC.visibility_of_element_located((By.ID, \"exampleId\")))\n            >>> print(element.text)\n        \"\"\"\n        screen = None\n        stacktrace = None\n    \n        end_time = time.monotonic() + self._timeout\n        while True:\n            try:\n                value = method(self._driver)\n                if value:\n                    return value\n            except self._ignored_exceptions as exc:\n                screen = getattr(exc, \"screen\", None)\n                stacktrace = getattr(exc, \"stacktrace\", None)\n            if time.monotonic() > end_time:\n                break\n            time.sleep(self._poll)\n>       raise TimeoutException(message, screen, stacktrace)\nE       selenium.common.exceptions.TimeoutException: Message: \nE       Stacktrace:\nE       Symbols not available. Dumping unresolved backtrace:\nE       \t0x7ff6985df3d5\nE       \t0x7ff6985df430\nE       \t0x7ff6983810bd\nE       \t0x7ff6983dc2fe\nE       \t0x7ff6983dc60c\nE       \t0x7ff69842d187\nE       \t0x7ff698429d08\nE       \t0x7ff6983ccb0c\nE       \t0x7ff6983cda53\nE       \t0x7ff6988bb470\nE       \t0x7ff6988b586d\nE       \t0x7ff6988d621a\nE       \t0x7ff6985fb235\nE       \t0x7ff698603a5c\nE       \t0x7ff6985e8844\nE       \t0x7ff6985e89f6\nE       \t0x7ff6985ceb87\nE       \t0x7ffad5ace8d7\nE       \t0x7ffad5e8c53c\n\nC:\\Users\\suchi\\AppData\\Local\\Programs\\Python\\Python314\\Lib\\site-packages\\selenium\\webdriver\\support\\wait.py:121: TimeoutException"}, "attachments": [{"name": "test_OrangeHRM_Login_DDT_003_fail_Admin", "source": "a0048a86-5c6e-4e86-ae2a-9144208b82c3-attachment.png", "type": "image/png"}, {"name": "log", "source": "9eddb912-5036-4728-b895-ed3850c20969-attachment.txt", "type": "text/plain"}, {"name": "stdout", "source": "77ea2321-3628-4352-958c-17584d416480-attachment.txt", "type": "text/plain"}], "start": 1770983513502, "stop": 1770983631391, "uuid": "13d4cac7-8181-47c6-b2e1-5dc82249dd2b", "historyId": "407b279dd0f14678cec8aee7cd5d39ab", "testCaseId": "407b279dd0f14678cec8aee7cd5d39ab", "fullName": "testCases.test_OrangeHRM_Login_DDT_002.Test_OrangeHRM_Login_DDT_002#test_OrangeHRM_Login_DDT_003", "labels": [{"name": "parentSuite", "value": "testCases"}, {"name": "suite", "value": "test_OrangeHRM_Login_DDT_002"}, {"name": "subSuite", "value": "Test_OrangeHRM_Login_DDT_002"}, {"name": "host", "value": "Suchi"}, {"name": "thread", "value": "19752-MainThread"}, {"name": "framework", "value": "pytest"}, {"name": "language", "value": "cpython3"}, {"name": "package", "value": "testCases.test_OrangeHRM_Login_DDT_002"}], "titlePath": ["testCases", "test_OrangeHRM_Login_DDT_002.py", "Test_OrangeHRM_Login_DDT_002"]}