{"name": "test_OrangeHRM_Login_Param_005[orangeHRM_login_data3]", "status": "broken", "statusDetails": {"message": "selenium.common.exceptions.TimeoutException: Message: \nStacktrace:\nSymbols not available. Dumping unresolved backtrace:\n\t0x7ff6985df3d5\n\t0x7ff6985df430\n\t0x7ff6983810bd\n\t0x7ff6983dc2fe\n\t0x7ff6983dc60c\n\t0x7ff69842d187\n\t0x7ff698429d08\n\t0x7ff6983ccb0c\n\t0x7ff6983cda53\n\t0x7ff6988bb470\n\t0x7ff6988b586d\n\t0x7ff6988d621a\n\t0x7ff6985fb235\n\t0x7ff698603a5c\n\t0x7ff6985e8844\n\t0x7ff6985e89f6\n\t0x7ff6985ceb87\n\t0x7ffad5ace8d7\n\t0x7ffad5e8c53c", "trace": "self = <testCases.test_OrangeHRM_params_003.Test_OrangeHRM_Params_004 object at 0x000001E491ACEC40>\norangeHRM_login_data = ('Admin1', 'admin1234', 'Login Fail')\n\n    def test_OrangeHRM_Login_Param_005(self, orangeHRM_login_data):\n        self.log.info(\"Starting Test: Verify OrangeHRM Login Functionality\")\n        self.log.info(\"Navigating to OrangeHRM Login Page\")\n        self.driver.get(self.login_url)\n        self.log.info(\"OrangeHRM Login Page Loaded\")\n    \n    \n        username = orangeHRM_login_data[0]\n        password = orangeHRM_login_data[1]\n        expected_result = orangeHRM_login_data[2]\n    \n        print(f\"username: {username}\")\n        print(f\"password: {password}\")\n        print(f\"expected_result: {expected_result}\")\n    \n        lp = Login_Page_Class(self.driver)\n    \n        self.log.info(\"Entering Username and Password\")\n    \n>       lp.Enter_Username(username)\n\ntestCases\\test_OrangeHRM_params_003.py:35: \n_ _ _ _ _ _ _ _ _ _ _ _ _ _ _ _ _ _ _ _ _ _ _ _ _ _ _ _ _ _ _ _ _ _ _ _ _ _ _ _\npageObjects\\Login_Page.py:21: in Enter_Username\n    self.wait.until(expected_conditions.visibility_of_element_located((By.XPATH, self.text_username_xpath)))\n_ _ _ _ _ _ _ _ _ _ _ _ _ _ _ _ _ _ _ _ _ _ _ _ _ _ _ _ _ _ _ _ _ _ _ _ _ _ _ _\n\nself = <selenium.webdriver.support.wait.WebDriverWait (session=\"a1dde34cbf6d202a8cdec28b522a18cd\")>\nmethod = <function visibility_of_element_located.<locals>._predicate at 0x000001E492C1DC70>\nmessage = ''\n\n    def until(self, method: Callable[[D], Literal[False] | T], message: str = \"\") -> T:\n        \"\"\"Wait until the method returns a value that is not False.\n    \n        Calls the method provided with the driver as an argument until the\n        return value does not evaluate to ``False``.\n    \n        Args:\n            method: A callable object that takes a WebDriver instance as an\n                argument.\n            message: Optional message for TimeoutException.\n    \n        Returns:\n            The result of the last call to `method`.\n    \n        Raises:\n            TimeoutException: If 'method' does not return a truthy value within\n                the WebDriverWait object's timeout.\n    \n        Example:\n            >>> from selenium.webdriver.common.by import By\n            >>> from selenium.webdriver.support.ui import WebDriverWait\n            >>> from selenium.webdriver.support import expected_conditions as EC\n            >>>\n            >>> # Wait until an element is visible on the page\n            >>> wait = WebDriverWait(driver, 10)\n            >>> element = wait.until(EC.visibility_of_element_located((By.ID, \"exampleId\")))\n            >>> print(element.text)\n        \"\"\"\n        screen = None\n        stacktrace = None\n    \n        end_time = time.monotonic() + self._timeout\n        while True:\n            try:\n                value = method(self._driver)\n                if value:\n                    return value\n            except self._ignored_exceptions as exc:\n                screen = getattr(exc, \"screen\", None)\n                stacktrace = getattr(exc, \"stacktrace\", None)\n            if time.monotonic() > end_time:\n                break\n            time.sleep(self._poll)\n>       raise TimeoutException(message, screen, stacktrace)\nE       selenium.common.exceptions.TimeoutException: Message: \nE       Stacktrace:\nE       Symbols not available. Dumping unresolved backtrace:\nE       \t0x7ff6985df3d5\nE       \t0x7ff6985df430\nE       \t0x7ff6983810bd\nE       \t0x7ff6983dc2fe\nE       \t0x7ff6983dc60c\nE       \t0x7ff69842d187\nE       \t0x7ff698429d08\nE       \t0x7ff6983ccb0c\nE       \t0x7ff6983cda53\nE       \t0x7ff6988bb470\nE       \t0x7ff6988b586d\nE       \t0x7ff6988d621a\nE       \t0x7ff6985fb235\nE       \t0x7ff698603a5c\nE       \t0x7ff6985e8844\nE       \t0x7ff6985e89f6\nE       \t0x7ff6985ceb87\nE       \t0x7ffad5ace8d7\nE       \t0x7ffad5e8c53c\n\nC:\\Users\\suchi\\AppData\\Local\\Programs\\Python\\Python314\\Lib\\site-packages\\selenium\\webdriver\\support\\wait.py:121: TimeoutException"}, "attachments": [{"name": "log", "source": "faccf01e-4c81-46cf-83eb-5496727b4a50-attachment.txt", "type": "text/plain"}, {"name": "stdout", "source": "5accdcda-f9ec-4047-b426-77be98d337b3-attachment.txt", "type": "text/plain"}], "parameters": [{"name": "orangeHRM_login_data", "value": "('Admin1', 'admin1234', 'Login Fail')"}], "start": 1770979418447, "stop": 1770979462348, "uuid": "cf088144-99c8-4045-925c-d829a8a8cff9", "historyId": "5486f53e0340d3fc6e8ec14eef43717a", "testCaseId": "a37590c51dfaa82b03d23631974417b6", "fullName": "testCases.test_OrangeHRM_params_003.Test_OrangeHRM_Params_004#test_OrangeHRM_Login_Param_005", "labels": [{"name": "parentSuite", "value": "testCases"}, {"name": "suite", "value": "test_OrangeHRM_params_003"}, {"name": "subSuite", "value": "Test_OrangeHRM_Params_004"}, {"name": "host", "value": "Suchi"}, {"name": "thread", "value": "12916-MainThread"}, {"name": "framework", "value": "pytest"}, {"name": "language", "value": "cpython3"}, {"name": "package", "value": "testCases.test_OrangeHRM_params_003"}], "titlePath": ["testCases", "test_OrangeHRM_params_003.py", "Test_OrangeHRM_Params_004"]}