{"name": "test_OrangeHRM_Login_Param_005[orangeHRM_login_data1]", "status": "failed", "statusDetails": {"message": "AssertionError: assert False", "trace": "self = <testCases.test_OrangeHRM_params_003.Test_OrangeHRM_Params_004 object at 0x00000198EAC0AAD0>\norangeHRM_login_data = ('Admin1', 'admin123', 'Login Fail')\n\n    def test_OrangeHRM_Login_Param_005(self, orangeHRM_login_data):\n        self.log.info(\"Starting Test: Verify OrangeHRM Login Functionality\")\n        self.log.info(\"Navigating to OrangeHRM Login Page\")\n        self.driver.get(self.login_url)\n        self.log.info(\"OrangeHRM Login Page Loaded\")\n    \n    \n        username = orangeHRM_login_data[0]\n        password = orangeHRM_login_data[1]\n        expected_result = orangeHRM_login_data[2]\n    \n        print(f\"username: {username}\")\n        print(f\"password: {password}\")\n        print(f\"expected_result: {expected_result}\")\n        time.sleep(5)\n        lp = Login_Page_Class(self.driver)\n    \n        self.log.info(\"Entering Username and Password\")\n    \n        lp.Enter_Username(username)\n        lp.Enter_Password(password)\n        self.log.info(\"Clicking Login Button\")\n    \n        lp.Click_Login()\n        time.sleep(5)\n        if lp.verify_login() == \"Login Successful\":\n            self.log.info(f\"Login Successful for Username={username}\")\n    \n            self.driver.save_screenshot(\"Screenshots\\\\test_OrangeHRM_Login_Param_005_pass.png\")\n            self.log.info(\"Screenshot of Passed Test Saved\")\n            allure.attach.file(\".\\\\Screenshots\\\\test_OrangeHRM_Login_Param_005_pass.png\", name=\"test_OrangeHRM_Login_Param_005_pass\",\n                               attachment_type=allure.attachment_type.PNG)\n            self.log.info(\"Clicking Menu Button\")\n            time.sleep(5)\n            lp.Click_Menu()\n            self.log.info(\"Clicking Logout Button\")\n            time.sleep(5)\n            lp.Click_Logout()\n            self.log.info(\"Logout Successful\")\n            actual_result = 'Login Pass'\n            assert True\n        else:\n            self.log.info(\"Login Failed\")\n            actual_result = 'Login Fail'\n            self.log.info(\"Screenshot of Failed Test Saved\")\n            self.driver.save_screenshot(\"Screenshots\\\\test_OrangeHRM_Login_Param_005_fail.png\")\n            allure.attach.file(\".\\\\Screenshots\\\\test_OrangeHRM_Login_Param_005_fail.png\", name=\"test_OrangeHRM_Login_Param_005_fail\",\n                               attachment_type=allure.attachment_type.PNG)\n>           assert False\nE           assert False\n\ntestCases\\test_OrangeHRM_params_003.py:64: AssertionError"}, "attachments": [{"name": "test_OrangeHRM_Login_Param_005_fail", "source": "26674c9b-da48-4155-a27e-04decfd95414-attachment.png", "type": "image/png"}, {"name": "log", "source": "8069ae6a-6c56-4c2a-aba5-a3f89004526e-attachment.txt", "type": "text/plain"}, {"name": "stdout", "source": "f4684c1d-4133-433a-8501-2fc2151739d4-attachment.txt", "type": "text/plain"}], "parameters": [{"name": "orangeHRM_login_data", "value": "('Admin1', 'admin123', 'Login Fail')"}], "start": 1770983515077, "stop": 1770983586879, "uuid": "f70164bd-9b89-40b2-9864-8feeb4e9e55f", "historyId": "d2c8e2ac37d0d266532753cc143b5d9a", "testCaseId": "a37590c51dfaa82b03d23631974417b6", "fullName": "testCases.test_OrangeHRM_params_003.Test_OrangeHRM_Params_004#test_OrangeHRM_Login_Param_005", "labels": [{"name": "parentSuite", "value": "testCases"}, {"name": "suite", "value": "test_OrangeHRM_params_003"}, {"name": "subSuite", "value": "Test_OrangeHRM_Params_004"}, {"name": "host", "value": "Suchi"}, {"name": "thread", "value": "21160-MainThread"}, {"name": "framework", "value": "pytest"}, {"name": "language", "value": "cpython3"}, {"name": "package", "value": "testCases.test_OrangeHRM_params_003"}], "titlePath": ["testCases", "test_OrangeHRM_params_003.py", "Test_OrangeHRM_Params_004"]}