{"name": "Verify OrangeHRM Login", "status": "broken", "statusDetails": {"message": "selenium.common.exceptions.TimeoutException: Message: \nStacktrace:\nSymbols not available. Dumping unresolved backtrace:\n\t0x7ff6985df3d5\n\t0x7ff6985df430\n\t0x7ff6983810bd\n\t0x7ff6983dc2fe\n\t0x7ff6983dc60c\n\t0x7ff69842d187\n\t0x7ff698429d08\n\t0x7ff6983ccb0c\n\t0x7ff6983cda53\n\t0x7ff6988bb470\n\t0x7ff6988b586d\n\t0x7ff6988d621a\n\t0x7ff6985fb235\n\t0x7ff698603a5c\n\t0x7ff6985e8844\n\t0x7ff6985e89f6\n\t0x7ff6985ceb87\n\t0x7ffad5ace8d7\n\t0x7ffad5e8c53c", "trace": "self = <testCases.test_OrangeHRM_Login_001.Test_OrangeHRM_Login_001 object at 0x0000021BDAA3A710>\n\n    @allure.title(\"Verify OrangeHRM Login\")\n    @allure.description(\"This test verifies the login functionality of the OrangeHRM application\")\n    @allure.severity(allure.severity_level.CRITICAL)\n    @allure.step(\"Enter Username and Password and Click Login\")\n    @allure.link(\"https://opensource-demo.orangehrmlive.com/web/index.php/auth/login\", name=\"OrangeHRM Login Page\")\n    @allure.issue(\"https://github.com/allure-framework/allure-python/issues/123\", name=\"Issue 123\")\n    @allure.testcase(\"https://github.com/allure-framework/allure-python/issues/123\", name=\"Test Case 123\")\n    @allure.feature(\"OrangeHRM Login\")\n    @allure.story(\"Verify Login Functionality\")\n    @pytest.mark.smoke\n    @pytest.mark.regression\n    @pytest.mark.flaky(reruns=1, reruns_delay=1)\n    def test_OrangeHRM_Login_002(self):\n        self.log.info(\"Starting Test: Verify OrangeHRM Login Functionality\")\n        self.log.info(\"Navigating to OrangeHRM Login Page\")\n        self.driver.get(self.login_url)\n        self.log.info(\"OrangeHRM Login Page Loaded\")\n        lp = Login_Page_Class(self.driver)\n        self.log.info(\"Entering Username and Password\")\n>       lp.Enter_Username(self.username)\n\ntestCases\\test_OrangeHRM_Login_001.py:68: \n_ _ _ _ _ _ _ _ _ _ _ _ _ _ _ _ _ _ _ _ _ _ _ _ _ _ _ _ _ _ _ _ _ _ _ _ _ _ _ _\npageObjects\\Login_Page.py:21: in Enter_Username\n    self.wait.until(expected_conditions.visibility_of_element_located((By.XPATH, self.text_username_xpath)))\n_ _ _ _ _ _ _ _ _ _ _ _ _ _ _ _ _ _ _ _ _ _ _ _ _ _ _ _ _ _ _ _ _ _ _ _ _ _ _ _\n\nself = <selenium.webdriver.support.wait.WebDriverWait (session=\"565656b5146ea6eaa73cfa5a8d279d6c\")>\nmethod = <function visibility_of_element_located.<locals>._predicate at 0x0000021BDBF6DDD0>\nmessage = ''\n\n    def until(self, method: Callable[[D], Literal[False] | T], message: str = \"\") -> T:\n        \"\"\"Wait until the method returns a value that is not False.\n    \n        Calls the method provided with the driver as an argument until the\n        return value does not evaluate to ``False``.\n    \n        Args:\n            method: A callable object that takes a WebDriver instance as an\n                argument.\n            message: Optional message for TimeoutException.\n    \n        Returns:\n            The result of the last call to `method`.\n    \n        Raises:\n            TimeoutException: If 'method' does not return a truthy value within\n                the WebDriverWait object's timeout.\n    \n        Example:\n            >>> from selenium.webdriver.common.by import By\n            >>> from selenium.webdriver.support.ui import WebDriverWait\n            >>> from selenium.webdriver.support import expected_conditions as EC\n            >>>\n            >>> # Wait until an element is visible on the page\n            >>> wait = WebDriverWait(driver, 10)\n            >>> element = wait.until(EC.visibility_of_element_located((By.ID, \"exampleId\")))\n            >>> print(element.text)\n        \"\"\"\n        screen = None\n        stacktrace = None\n    \n        end_time = time.monotonic() + self._timeout\n        while True:\n            try:\n                value = method(self._driver)\n                if value:\n                    return value\n            except self._ignored_exceptions as exc:\n                screen = getattr(exc, \"screen\", None)\n                stacktrace = getattr(exc, \"stacktrace\", None)\n            if time.monotonic() > end_time:\n                break\n            time.sleep(self._poll)\n>       raise TimeoutException(message, screen, stacktrace)\nE       selenium.common.exceptions.TimeoutException: Message: \nE       Stacktrace:\nE       Symbols not available. Dumping unresolved backtrace:\nE       \t0x7ff6985df3d5\nE       \t0x7ff6985df430\nE       \t0x7ff6983810bd\nE       \t0x7ff6983dc2fe\nE       \t0x7ff6983dc60c\nE       \t0x7ff69842d187\nE       \t0x7ff698429d08\nE       \t0x7ff6983ccb0c\nE       \t0x7ff6983cda53\nE       \t0x7ff6988bb470\nE       \t0x7ff6988b586d\nE       \t0x7ff6988d621a\nE       \t0x7ff6985fb235\nE       \t0x7ff698603a5c\nE       \t0x7ff6985e8844\nE       \t0x7ff6985e89f6\nE       \t0x7ff6985ceb87\nE       \t0x7ffad5ace8d7\nE       \t0x7ffad5e8c53c\n\nC:\\Users\\suchi\\AppData\\Local\\Programs\\Python\\Python314\\Lib\\site-packages\\selenium\\webdriver\\support\\wait.py:121: TimeoutException"}, "description": "This test verifies the login functionality of the OrangeHRM application", "steps": [{"name": "Enter Username and Password and Click Login", "status": "broken", "statusDetails": {"message": "selenium.common.exceptions.TimeoutException: Message: \nStacktrace:\nSymbols not available. Dumping unresolved backtrace:\n\t0x7ff6985df3d5\n\t0x7ff6985df430\n\t0x7ff6983810bd\n\t0x7ff6983dc2fe\n\t0x7ff6983dc60c\n\t0x7ff69842d187\n\t0x7ff698429d08\n\t0x7ff6983ccb0c\n\t0x7ff6983cda53\n\t0x7ff6988bb470\n\t0x7ff6988b586d\n\t0x7ff6988d621a\n\t0x7ff6985fb235\n\t0x7ff698603a5c\n\t0x7ff6985e8844\n\t0x7ff6985e89f6\n\t0x7ff6985ceb87\n\t0x7ffad5ace8d7\n\t0x7ffad5e8c53c\n\n", "trace": "  File \"C:\\Users\\suchi\\AppData\\Local\\Programs\\Python\\Python314\\Lib\\site-packages\\allure_commons\\_allure.py\", line 202, in impl\n    return func(*a, **kw)\n  File \"E:\\Dec 2025 Credence Class Notes- Autotmation Testing\\Python Practical\\05.Orange_HRM_Project\\testCases\\test_OrangeHRM_Login_001.py\", line 68, in test_OrangeHRM_Login_002\n    lp.Enter_Username(self.username)\n    ~~~~~~~~~~~~~~~~~^^^^^^^^^^^^^^^\n  File \"E:\\Dec 2025 Credence Class Notes- Autotmation Testing\\Python Practical\\05.Orange_HRM_Project\\pageObjects\\Login_Page.py\", line 21, in Enter_Username\n    self.wait.until(expected_conditions.visibility_of_element_located((By.XPATH, self.text_username_xpath)))\n    ~~~~~~~~~~~~~~~^^^^^^^^^^^^^^^^^^^^^^^^^^^^^^^^^^^^^^^^^^^^^^^^^^^^^^^^^^^^^^^^^^^^^^^^^^^^^^^^^^^^^^^^^\n  File \"C:\\Users\\suchi\\AppData\\Local\\Programs\\Python\\Python314\\Lib\\site-packages\\selenium\\webdriver\\support\\wait.py\", line 121, in until\n    raise TimeoutException(message, screen, stacktrace)\n"}, "start": 1770983603950, "stop": 1770983631464}], "attachments": [{"name": "log", "source": "edb1702c-53ae-4a8d-abd3-697002e45337-attachment.txt", "type": "text/plain"}, {"name": "stdout", "source": "776853cb-1372-4be3-af47-9f9f73b47b75-attachment.txt", "type": "text/plain"}], "start": 1770983603950, "stop": 1770983631468, "uuid": "41383f7c-d83b-4460-bd7a-0402547029b1", "historyId": "cd02a2846b524d69bb7e767a9ffcac31", "testCaseId": "cd02a2846b524d69bb7e767a9ffcac31", "fullName": "testCases.test_OrangeHRM_Login_001.Test_OrangeHRM_Login_001#test_OrangeHRM_Login_002", "labels": [{"name": "feature", "value": "OrangeHRM Login"}, {"name": "story", "value": "Verify Login Functionality"}, {"name": "severity", "value": "critical"}, {"name": "tag", "value": "regression"}, {"name": "tag", "value": "smoke"}, {"name": "parentSuite", "value": "testCases"}, {"name": "suite", "value": "test_OrangeHRM_Login_001"}, {"name": "subSuite", "value": "Test_OrangeHRM_Login_001"}, {"name": "host", "value": "Suchi"}, {"name": "thread", "value": "25116-MainThread"}, {"name": "framework", "value": "pytest"}, {"name": "language", "value": "cpython3"}, {"name": "package", "value": "testCases.test_OrangeHRM_Login_001"}], "links": [{"type": "tms", "url": "https://github.com/allure-framework/allure-python/issues/123", "name": "Test Case 123"}, {"type": "issue", "url": "https://github.com/allure-framework/allure-python/issues/123", "name": "Issue 123"}, {"type": "link", "url": "https://opensource-demo.orangehrmlive.com/web/index.php/auth/login", "name": "OrangeHRM Login Page"}], "titlePath": ["testCases", "test_OrangeHRM_Login_001.py", "Test_OrangeHRM_Login_001"]}