{"name": "test_OrangeHRM_Login_DDT_003", "status": "broken", "statusDetails": {"message": "selenium.common.exceptions.TimeoutException: Message: \nStacktrace:\nSymbols not available. Dumping unresolved backtrace:\n\t0x7ff69e0af3d5\n\t0x7ff69e0af430\n\t0x7ff69de510bd\n\t0x7ff69deac2fe\n\t0x7ff69deac60c\n\t0x7ff69defd187\n\t0x7ff69def9d08\n\t0x7ff69de9cb0c\n\t0x7ff69de9da53\n\t0x7ff69e38b470\n\t0x7ff69e38586d\n\t0x7ff69e3a621a\n\t0x7ff69e0cb235\n\t0x7ff69e0d3a5c\n\t0x7ff69e0b8844\n\t0x7ff69e0b89f6\n\t0x7ff69e09eb87\n\t0x7ffad5ace8d7\n\t0x7ffad5e8c53c", "trace": "self = <testCases.test_OrangeHRM_Login_DDT_002.Test_OrangeHRM_Login_DDT_002 object at 0x0000020AC78E5450>\n\n    def test_OrangeHRM_Login_DDT_003(self):\n        self.log.info(\"Starting Test: Verify OrangeHRM Login Functionality\")\n        row_count = XLUtils_class.get_row_count(self.excel_file, self.sheet)\n        self.log.info(f\"Total Rows in Excel: {row_count}\")\n        result = []\n        for i in range(2, row_count + 1):\n            username = XLUtils_class.read_data(self.excel_file, self.sheet, i, 2)\n            password = XLUtils_class.read_data(self.excel_file, self.sheet, i, 3)\n            expected_result = XLUtils_class.read_data(self.excel_file, self.sheet, i, 4)\n            self.log.info(f\"Test Data: Username={username}, Password={password}, Expected Result={expected_result}\")\n            self.log.info(\"Navigating to OrangeHRM Login Page\")\n            self.driver.get(self.login_url)\n            self.log.info(\"OrangeHRM Login Page Loaded\")\n            lp = Login_Page_Class(self.driver)\n>           lp.Enter_Username(username)\n\ntestCases\\test_OrangeHRM_Login_DDT_002.py:30: \n_ _ _ _ _ _ _ _ _ _ _ _ _ _ _ _ _ _ _ _ _ _ _ _ _ _ _ _ _ _ _ _ _ _ _ _ _ _ _ _\npageObjects\\Login_Page.py:21: in Enter_Username\n    self.wait.until(expected_conditions.visibility_of_element_located((By.XPATH, self.text_username_xpath)))\n_ _ _ _ _ _ _ _ _ _ _ _ _ _ _ _ _ _ _ _ _ _ _ _ _ _ _ _ _ _ _ _ _ _ _ _ _ _ _ _\n\nself = <selenium.webdriver.support.wait.WebDriverWait (session=\"cfe6af2d58b037b04552f043330d50d2\")>\nmethod = <function visibility_of_element_located.<locals>._predicate at 0x0000020AC8A39B10>\nmessage = ''\n\n    def until(self, method: Callable[[D], Literal[False] | T], message: str = \"\") -> T:\n        \"\"\"Wait until the method returns a value that is not False.\n    \n        Calls the method provided with the driver as an argument until the\n        return value does not evaluate to ``False``.\n    \n        Args:\n            method: A callable object that takes a WebDriver instance as an\n                argument.\n            message: Optional message for TimeoutException.\n    \n        Returns:\n            The result of the last call to `method`.\n    \n        Raises:\n            TimeoutException: If 'method' does not return a truthy value within\n                the WebDriverWait object's timeout.\n    \n        Example:\n            >>> from selenium.webdriver.common.by import By\n            >>> from selenium.webdriver.support.ui import WebDriverWait\n            >>> from selenium.webdriver.support import expected_conditions as EC\n            >>>\n            >>> # Wait until an element is visible on the page\n            >>> wait = WebDriverWait(driver, 10)\n            >>> element = wait.until(EC.visibility_of_element_located((By.ID, \"exampleId\")))\n            >>> print(element.text)\n        \"\"\"\n        screen = None\n        stacktrace = None\n    \n        end_time = time.monotonic() + self._timeout\n        while True:\n            try:\n                value = method(self._driver)\n                if value:\n                    return value\n            except self._ignored_exceptions as exc:\n                screen = getattr(exc, \"screen\", None)\n                stacktrace = getattr(exc, \"stacktrace\", None)\n            if time.monotonic() > end_time:\n                break\n            time.sleep(self._poll)\n>       raise TimeoutException(message, screen, stacktrace)\nE       selenium.common.exceptions.TimeoutException: Message: \nE       Stacktrace:\nE       Symbols not available. Dumping unresolved backtrace:\nE       \t0x7ff69e0af3d5\nE       \t0x7ff69e0af430\nE       \t0x7ff69de510bd\nE       \t0x7ff69deac2fe\nE       \t0x7ff69deac60c\nE       \t0x7ff69defd187\nE       \t0x7ff69def9d08\nE       \t0x7ff69de9cb0c\nE       \t0x7ff69de9da53\nE       \t0x7ff69e38b470\nE       \t0x7ff69e38586d\nE       \t0x7ff69e3a621a\nE       \t0x7ff69e0cb235\nE       \t0x7ff69e0d3a5c\nE       \t0x7ff69e0b8844\nE       \t0x7ff69e0b89f6\nE       \t0x7ff69e09eb87\nE       \t0x7ffad5ace8d7\nE       \t0x7ffad5e8c53c\n\nC:\\Users\\suchi\\AppData\\Local\\Programs\\Python\\Python314\\Lib\\site-packages\\selenium\\webdriver\\support\\wait.py:121: TimeoutException"}, "attachments": [{"name": "log", "source": "5de4c6bb-f265-4eec-9a9b-bda6ac4296e8-attachment.txt", "type": "text/plain"}, {"name": "stdout", "source": "971ae885-3910-41ba-89fe-66236a973f03-attachment.txt", "type": "text/plain"}], "start": 1770884176985, "stop": 1770884196796, "uuid": "54992b54-9b43-47bc-a438-ad95a29a9981", "historyId": "407b279dd0f14678cec8aee7cd5d39ab", "testCaseId": "407b279dd0f14678cec8aee7cd5d39ab", "fullName": "testCases.test_OrangeHRM_Login_DDT_002.Test_OrangeHRM_Login_DDT_002#test_OrangeHRM_Login_DDT_003", "labels": [{"name": "parentSuite", "value": "testCases"}, {"name": "suite", "value": "test_OrangeHRM_Login_DDT_002"}, {"name": "subSuite", "value": "Test_OrangeHRM_Login_DDT_002"}, {"name": "host", "value": "Suchi"}, {"name": "thread", "value": "25968-MainThread"}, {"name": "framework", "value": "pytest"}, {"name": "language", "value": "cpython3"}, {"name": "package", "value": "testCases.test_OrangeHRM_Login_DDT_002"}], "titlePath": ["testCases", "test_OrangeHRM_Login_DDT_002.py", "Test_OrangeHRM_Login_DDT_002"]}